[2021-07-11 00:20:44] local.ERROR: could not find driver (SQL: select * from `stories`) {"exception":"[object] (Illuminate\\Database\\QueryException(code: 0): could not find driver (SQL: select * from `stories`) at /opt/lampp/htdocs/laravel-tailwind-livewire/storify/vendor/laravel/framework/src/Illuminate/Database/Connection.php:685)
[stacktrace]
#0 /opt/lampp/htdocs/laravel-tailwind-livewire/storify/vendor/laravel/framework/src/Illuminate/Database/Connection.php(645): Illuminate\\Database\\Connection->runQueryCallback()
#1 /opt/lampp/htdocs/laravel-tailwind-livewire/storify/vendor/laravel/framework/src/Illuminate/Database/Connection.php(353): Illuminate\\Database\\Connection->run()
#2 /opt/lampp/htdocs/laravel-tailwind-livewire/storify/vendor/laravel/framework/src/Illuminate/Database/Query/Builder.php(2351): Illuminate\\Database\\Connection->select()
#3 /opt/lampp/htdocs/laravel-tailwind-livewire/storify/vendor/laravel/framework/src/Illuminate/Database/Query/Builder.php(2339): Illuminate\\Database\\Query\\Builder->runSelect()
#4 /opt/lampp/htdocs/laravel-tailwind-livewire/storify/vendor/laravel/framework/src/Illuminate/Database/Query/Builder.php(2905): Illuminate\\Database\\Query\\Builder->Illuminate\\Database\\Query\\{closure}()
#5 /opt/lampp/htdocs/laravel-tailwind-livewire/storify/vendor/laravel/framework/src/Illuminate/Database/Query/Builder.php(2340): Illuminate\\Database\\Query\\Builder->onceWithColumns()
#6 /opt/lampp/htdocs/laravel-tailwind-livewire/storify/vendor/laravel/framework/src/Illuminate/Database/Eloquent/Builder.php(604): Illuminate\\Database\\Query\\Builder->get()
#7 /opt/lampp/htdocs/laravel-tailwind-livewire/storify/vendor/laravel/framework/src/Illuminate/Database/Eloquent/Builder.php(588): Illuminate\\Database\\Eloquent\\Builder->getModels()
#8 /opt/lampp/htdocs/laravel-tailwind-livewire/storify/app/Http/Controllers/stories/FrontStoriesController.php(12): Illuminate\\Database\\Eloquent\\Builder->get()
#9 /opt/lampp/htdocs/laravel-tailwind-livewire/storify/vendor/laravel/framework/src/Illuminate/Routing/Controller.php(54): App\\Http\\Controllers\\stories\\FrontStoriesController->allstories()
#10 /opt/lampp/htdocs/laravel-tailwind-livewire/storify/vendor/laravel/framework/src/Illuminate/Routing/ControllerDispatcher.php(45): Illuminate\\Routing\\Controller->callAction()
#11 /opt/lampp/htdocs/laravel-tailwind-livewire/storify/vendor/laravel/framework/src/Illuminate/Routing/Route.php(254): Illuminate\\Routing\\ControllerDispatcher->dispatch()
#12 /opt/lampp/htdocs/laravel-tailwind-livewire/storify/vendor/laravel/framework/src/Illuminate/Routing/Route.php(197): Illuminate\\Routing\\Route->runController()
#13 /opt/lampp/htdocs/laravel-tailwind-livewire/storify/vendor/laravel/framework/src/Illuminate/Routing/Router.php(695): Illuminate\\Routing\\Route->run()
#14 /opt/lampp/htdocs/laravel-tailwind-livewire/storify/vendor/laravel/framework/src/Illuminate/Pipeline/Pipeline.php(128): Illuminate\\Routing\\Router->Illuminate\\Routing\\{closure}()
#15 /opt/lampp/htdocs/laravel-tailwind-livewire/storify/vendor/laravel/framework/src/Illuminate/Routing/Middleware/SubstituteBindings.php(50): Illuminate\\Pipeline\\Pipeline->Illuminate\\Pipeline\\{closure}()
#16 /opt/lampp/htdocs/laravel-tailwind-livewire/storify/vendor/laravel/framework/src/Illuminate/Pipeline/Pipeline.php(167): Illuminate\\Routing\\Middleware\\SubstituteBindings->handle()
#17 /opt/lampp/htdocs/laravel-tailwind-livewire/storify/vendor/laravel/framework/src/Illuminate/Foundation/Http/Middleware/VerifyCsrfToken.php(78): Illuminate\\Pipeline\\Pipeline->Illuminate\\Pipeline\\{closure}()
#18 /opt/lampp/htdocs/laravel-tailwind-livewire/storify/vendor/laravel/framework/src/Illuminate/Pipeline/Pipeline.php(167): Illuminate\\Foundation\\Http\\Middleware\\VerifyCsrfToken->handle()
#19 /opt/lampp/htdocs/laravel-tailwind-livewire/storify/vendor/laravel/framework/src/Illuminate/View/Middleware/ShareErrorsFromSession.php(49): Illuminate\\Pipeline\\Pipeline->Illuminate\\Pipeline\\{closure}()
#20 /opt/lampp/htdocs/laravel-tailwind-livewire/storify/vendor/laravel/framework/src/Illuminate/Pipeline/Pipeline.php(167): Illuminate\\View\\Middleware\\ShareErrorsFromSession->handle()
#21 /opt/lampp/htdocs/laravel-tailwind-livewire/storify/vendor/laravel/framework/src/Illuminate/Session/Middleware/StartSession.php(121): Illuminate\\Pipeline\\Pipeline->Illuminate\\Pipeline\\{closure}()
#22 /opt/lampp/htdocs/laravel-tailwind-livewire/storify/vendor/laravel/framework/src/Illuminate/Session/Middleware/StartSession.php(64): Illuminate\\Session\\Middleware\\StartSession->handleStatefulRequest()
#23 /opt/lampp/htdocs/laravel-tailwind-livewire/storify/vendor/laravel/framework/src/Illuminate/Pipeline/Pipeline.php(167): Illuminate\\Session\\Middleware\\StartSession->handle()
#24 /opt/lampp/htdocs/laravel-tailwind-livewire/storify/vendor/laravel/framework/src/Illuminate/Cookie/Middleware/AddQueuedCookiesToResponse.php(37): Illuminate\\Pipeline\\Pipeline->Illuminate\\Pipeline\\{closure}()
#25 /opt/lampp/htdocs/laravel-tailwind-livewire/storify/vendor/laravel/framework/src/Illuminate/Pipeline/Pipeline.php(167): Illuminate\\Cookie\\Middleware\\AddQueuedCookiesToResponse->handle()
#26 /opt/lampp/htdocs/laravel-tailwind-livewire/storify/vendor/laravel/framework/src/Illuminate/Cookie/Middleware/EncryptCookies.php(67): Illuminate\\Pipeline\\Pipeline->Illuminate\\Pipeline\\{closure}()
#27 /opt/lampp/htdocs/laravel-tailwind-livewire/storify/vendor/laravel/framework/src/Illuminate/Pipeline/Pipeline.php(167): Illuminate\\Cookie\\Middleware\\EncryptCookies->handle()
#28 /opt/lampp/htdocs/laravel-tailwind-livewire/storify/vendor/laravel/framework/src/Illuminate/Pipeline/Pipeline.php(103): Illuminate\\Pipeline\\Pipeline->Illuminate\\Pipeline\\{closure}()
#29 /opt/lampp/htdocs/laravel-tailwind-livewire/storify/vendor/laravel/framework/src/Illuminate/Routing/Router.php(697): Illuminate\\Pipeline\\Pipeline->then()
#30 /opt/lampp/htdocs/laravel-tailwind-livewire/storify/vendor/laravel/framework/src/Illuminate/Routing/Router.php(672): Illuminate\\Routing\\Router->runRouteWithinStack()
#31 /opt/lampp/htdocs/laravel-tailwind-livewire/storify/vendor/laravel/framework/src/Illuminate/Routing/Router.php(636): Illuminate\\Routing\\Router->runRoute()
#32 /opt/lampp/htdocs/laravel-tailwind-livewire/storify/vendor/laravel/framework/src/Illuminate/Routing/Router.php(625): Illuminate\\Routing\\Router->dispatchToRoute()
#33 /opt/lampp/htdocs/laravel-tailwind-livewire/storify/vendor/laravel/framework/src/Illuminate/Foundation/Http/Kernel.php(166): Illuminate\\Routing\\Router->dispatch()
#34 /opt/lampp/htdocs/laravel-tailwind-livewire/storify/vendor/laravel/framework/src/Illuminate/Pipeline/Pipeline.php(128): Illuminate\\Foundation\\Http\\Kernel->Illuminate\\Foundation\\Http\\{closure}()
#35 /opt/lampp/htdocs/laravel-tailwind-livewire/storify/vendor/laravel/framework/src/Illuminate/Foundation/Http/Middleware/TransformsRequest.php(21): Illuminate\\Pipeline\\Pipeline->Illuminate\\Pipeline\\{closure}()
#36 /opt/lampp/htdocs/laravel-tailwind-livewire/storify/vendor/laravel/framework/src/Illuminate/Foundation/Http/Middleware/ConvertEmptyStringsToNull.php(31): Illuminate\\Foundation\\Http\\Middleware\\TransformsRequest->handle()
#37 /opt/lampp/htdocs/laravel-tailwind-livewire/storify/vendor/laravel/framework/src/Illuminate/Pipeline/Pipeline.php(167): Illuminate\\Foundation\\Http\\Middleware\\ConvertEmptyStringsToNull->handle()
#38 /opt/lampp/htdocs/laravel-tailwind-livewire/storify/vendor/laravel/framework/src/Illuminate/Foundation/Http/Middleware/TransformsRequest.php(21): Illuminate\\Pipeline\\Pipeline->Illuminate\\Pipeline\\{closure}()
#39 /opt/lampp/htdocs/laravel-tailwind-livewire/storify/vendor/laravel/framework/src/Illuminate/Foundation/Http/Middleware/TrimStrings.php(40): Illuminate\\Foundation\\Http\\Middleware\\TransformsRequest->handle()
#40 /opt/lampp/htdocs/laravel-tailwind-livewire/storify/vendor/laravel/framework/src/Illuminate/Pipeline/Pipeline.php(167): Illuminate\\Foundation\\Http\\Middleware\\TrimStrings->handle()
#41 /opt/lampp/htdocs/laravel-tailwind-livewire/storify/vendor/laravel/framework/src/Illuminate/Foundation/Http/Middleware/ValidatePostSize.php(27): Illuminate\\Pipeline\\Pipeline->Illuminate\\Pipeline\\{closure}()
#42 /opt/lampp/htdocs/laravel-tailwind-livewire/storify/vendor/laravel/framework/src/Illuminate/Pipeline/Pipeline.php(167): Illuminate\\Foundation\\Http\\Middleware\\ValidatePostSize->handle()
#43 /opt/lampp/htdocs/laravel-tailwind-livewire/storify/vendor/laravel/framework/src/Illuminate/Foundation/Http/Middleware/PreventRequestsDuringMaintenance.php(86): Illuminate\\Pipeline\\Pipeline->Illuminate\\Pipeline\\{closure}()
#44 /opt/lampp/htdocs/laravel-tailwind-livewire/storify/vendor/laravel/framework/src/Illuminate/Pipeline/Pipeline.php(167): Illuminate\\Foundation\\Http\\Middleware\\PreventRequestsDuringMaintenance->handle()
#45 /opt/lampp/htdocs/laravel-tailwind-livewire/storify/vendor/fruitcake/laravel-cors/src/HandleCors.php(38): Illuminate\\Pipeline\\Pipeline->Illuminate\\Pipeline\\{closure}()
#46 /opt/lampp/htdocs/laravel-tailwind-livewire/storify/vendor/laravel/framework/src/Illuminate/Pipeline/Pipeline.php(167): Fruitcake\\Cors\\HandleCors->handle()
#47 /opt/lampp/htdocs/laravel-tailwind-livewire/storify/vendor/fideloper/proxy/src/TrustProxies.php(57): Illuminate\\Pipeline\\Pipeline->Illuminate\\Pipeline\\{closure}()
#48 /opt/lampp/htdocs/laravel-tailwind-livewire/storify/vendor/laravel/framework/src/Illuminate/Pipeline/Pipeline.php(167): Fideloper\\Proxy\\TrustProxies->handle()
#49 /opt/lampp/htdocs/laravel-tailwind-livewire/storify/vendor/laravel/framework/src/Illuminate/Pipeline/Pipeline.php(103): Illuminate\\Pipeline\\Pipeline->Illuminate\\Pipeline\\{closure}()
#50 /opt/lampp/htdocs/laravel-tailwind-livewire/storify/vendor/laravel/framework/src/Illuminate/Foundation/Http/Kernel.php(141): Illuminate\\Pipeline\\Pipeline->then()
#51 /opt/lampp/htdocs/laravel-tailwind-livewire/storify/vendor/laravel/framework/src/Illuminate/Foundation/Http/Kernel.php(110): Illuminate\\Foundation\\Http\\Kernel->sendRequestThroughRouter()
#52 /opt/lampp/htdocs/laravel-tailwind-livewire/storify/public/index.php(52): Illuminate\\Foundation\\Http\\Kernel->handle()
#53 /opt/lampp/htdocs/laravel-tailwind-livewire/storify/server.php(21): require_once('/opt/lampp/htdo...')
#54 {main}

[previous exception] [object] (PDOException(code: 0): could not find driver at /opt/lampp/htdocs/laravel-tailwind-livewire/storify/vendor/laravel/framework/src/Illuminate/Database/Connectors/Connector.php:70)
[stacktrace]
#0 /opt/lampp/htdocs/laravel-tailwind-livewire/storify/vendor/laravel/framework/src/Illuminate/Database/Connectors/Connector.php(70): PDO->__construct()
#1 /opt/lampp/htdocs/laravel-tailwind-livewire/storify/vendor/laravel/framework/src/Illuminate/Database/Connectors/Connector.php(46): Illuminate\\Database\\Connectors\\Connector->createPdoConnection()
#2 /opt/lampp/htdocs/laravel-tailwind-livewire/storify/vendor/laravel/framework/src/Illuminate/Database/Connectors/MySqlConnector.php(24): Illuminate\\Database\\Connectors\\Connector->createConnection()
#3 /opt/lampp/htdocs/laravel-tailwind-livewire/storify/vendor/laravel/framework/src/Illuminate/Database/Connectors/ConnectionFactory.php(184): Illuminate\\Database\\Connectors\\MySqlConnector->connect()
#4 [internal function]: Illuminate\\Database\\Connectors\\ConnectionFactory->Illuminate\\Database\\Connectors\\{closure}()
#5 /opt/lampp/htdocs/laravel-tailwind-livewire/storify/vendor/laravel/framework/src/Illuminate/Database/Connection.php(956): call_user_func()
#6 /opt/lampp/htdocs/laravel-tailwind-livewire/storify/vendor/laravel/framework/src/Illuminate/Database/Connection.php(991): Illuminate\\Database\\Connection->getPdo()
#7 /opt/lampp/htdocs/laravel-tailwind-livewire/storify/vendor/laravel/framework/src/Illuminate/Database/Connection.php(419): Illuminate\\Database\\Connection->getReadPdo()
#8 /opt/lampp/htdocs/laravel-tailwind-livewire/storify/vendor/laravel/framework/src/Illuminate/Database/Connection.php(345): Illuminate\\Database\\Connection->getPdoForSelect()
#9 /opt/lampp/htdocs/laravel-tailwind-livewire/storify/vendor/laravel/framework/src/Illuminate/Database/Connection.php(678): Illuminate\\Database\\Connection->Illuminate\\Database\\{closure}()
#10 /opt/lampp/htdocs/laravel-tailwind-livewire/storify/vendor/laravel/framework/src/Illuminate/Database/Connection.php(645): Illuminate\\Database\\Connection->runQueryCallback()
#11 /opt/lampp/htdocs/laravel-tailwind-livewire/storify/vendor/laravel/framework/src/Illuminate/Database/Connection.php(353): Illuminate\\Database\\Connection->run()
#12 /opt/lampp/htdocs/laravel-tailwind-livewire/storify/vendor/laravel/framework/src/Illuminate/Database/Query/Builder.php(2351): Illuminate\\Database\\Connection->select()
#13 /opt/lampp/htdocs/laravel-tailwind-livewire/storify/vendor/laravel/framework/src/Illuminate/Database/Query/Builder.php(2339): Illuminate\\Database\\Query\\Builder->runSelect()
#14 /opt/lampp/htdocs/laravel-tailwind-livewire/storify/vendor/laravel/framework/src/Illuminate/Database/Query/Builder.php(2905): Illuminate\\Database\\Query\\Builder->Illuminate\\Database\\Query\\{closure}()
#15 /opt/lampp/htdocs/laravel-tailwind-livewire/storify/vendor/laravel/framework/src/Illuminate/Database/Query/Builder.php(2340): Illuminate\\Database\\Query\\Builder->onceWithColumns()
#16 /opt/lampp/htdocs/laravel-tailwind-livewire/storify/vendor/laravel/framework/src/Illuminate/Database/Eloquent/Builder.php(604): Illuminate\\Database\\Query\\Builder->get()
#17 /opt/lampp/htdocs/laravel-tailwind-livewire/storify/vendor/laravel/framework/src/Illuminate/Database/Eloquent/Builder.php(588): Illuminate\\Database\\Eloquent\\Builder->getModels()
#18 /opt/lampp/htdocs/laravel-tailwind-livewire/storify/app/Http/Controllers/stories/FrontStoriesController.php(12): Illuminate\\Database\\Eloquent\\Builder->get()
#19 /opt/lampp/htdocs/laravel-tailwind-livewire/storify/vendor/laravel/framework/src/Illuminate/Routing/Controller.php(54): App\\Http\\Controllers\\stories\\FrontStoriesController->allstories()
#20 /opt/lampp/htdocs/laravel-tailwind-livewire/storify/vendor/laravel/framework/src/Illuminate/Routing/ControllerDispatcher.php(45): Illuminate\\Routing\\Controller->callAction()
#21 /opt/lampp/htdocs/laravel-tailwind-livewire/storify/vendor/laravel/framework/src/Illuminate/Routing/Route.php(254): Illuminate\\Routing\\ControllerDispatcher->dispatch()
#22 /opt/lampp/htdocs/laravel-tailwind-livewire/storify/vendor/laravel/framework/src/Illuminate/Routing/Route.php(197): Illuminate\\Routing\\Route->runController()
#23 /opt/lampp/htdocs/laravel-tailwind-livewire/storify/vendor/laravel/framework/src/Illuminate/Routing/Router.php(695): Illuminate\\Routing\\Route->run()
#24 /opt/lampp/htdocs/laravel-tailwind-livewire/storify/vendor/laravel/framework/src/Illuminate/Pipeline/Pipeline.php(128): Illuminate\\Routing\\Router->Illuminate\\Routing\\{closure}()
#25 /opt/lampp/htdocs/laravel-tailwind-livewire/storify/vendor/laravel/framework/src/Illuminate/Routing/Middleware/SubstituteBindings.php(50): Illuminate\\Pipeline\\Pipeline->Illuminate\\Pipeline\\{closure}()
#26 /opt/lampp/htdocs/laravel-tailwind-livewire/storify/vendor/laravel/framework/src/Illuminate/Pipeline/Pipeline.php(167): Illuminate\\Routing\\Middleware\\SubstituteBindings->handle()
#27 /opt/lampp/htdocs/laravel-tailwind-livewire/storify/vendor/laravel/framework/src/Illuminate/Foundation/Http/Middleware/VerifyCsrfToken.php(78): Illuminate\\Pipeline\\Pipeline->Illuminate\\Pipeline\\{closure}()
#28 /opt/lampp/htdocs/laravel-tailwind-livewire/storify/vendor/laravel/framework/src/Illuminate/Pipeline/Pipeline.php(167): Illuminate\\Foundation\\Http\\Middleware\\VerifyCsrfToken->handle()
#29 /opt/lampp/htdocs/laravel-tailwind-livewire/storify/vendor/laravel/framework/src/Illuminate/View/Middleware/ShareErrorsFromSession.php(49): Illuminate\\Pipeline\\Pipeline->Illuminate\\Pipeline\\{closure}()
#30 /opt/lampp/htdocs/laravel-tailwind-livewire/storify/vendor/laravel/framework/src/Illuminate/Pipeline/Pipeline.php(167): Illuminate\\View\\Middleware\\ShareErrorsFromSession->handle()
#31 /opt/lampp/htdocs/laravel-tailwind-livewire/storify/vendor/laravel/framework/src/Illuminate/Session/Middleware/StartSession.php(121): Illuminate\\Pipeline\\Pipeline->Illuminate\\Pipeline\\{closure}()
#32 /opt/lampp/htdocs/laravel-tailwind-livewire/storify/vendor/laravel/framework/src/Illuminate/Session/Middleware/StartSession.php(64): Illuminate\\Session\\Middleware\\StartSession->handleStatefulRequest()
#33 /opt/lampp/htdocs/laravel-tailwind-livewire/storify/vendor/laravel/framework/src/Illuminate/Pipeline/Pipeline.php(167): Illuminate\\Session\\Middleware\\StartSession->handle()
#34 /opt/lampp/htdocs/laravel-tailwind-livewire/storify/vendor/laravel/framework/src/Illuminate/Cookie/Middleware/AddQueuedCookiesToResponse.php(37): Illuminate\\Pipeline\\Pipeline->Illuminate\\Pipeline\\{closure}()
#35 /opt/lampp/htdocs/laravel-tailwind-livewire/storify/vendor/laravel/framework/src/Illuminate/Pipeline/Pipeline.php(167): Illuminate\\Cookie\\Middleware\\AddQueuedCookiesToResponse->handle()
#36 /opt/lampp/htdocs/laravel-tailwind-livewire/storify/vendor/laravel/framework/src/Illuminate/Cookie/Middleware/EncryptCookies.php(67): Illuminate\\Pipeline\\Pipeline->Illuminate\\Pipeline\\{closure}()
#37 /opt/lampp/htdocs/laravel-tailwind-livewire/storify/vendor/laravel/framework/src/Illuminate/Pipeline/Pipeline.php(167): Illuminate\\Cookie\\Middleware\\EncryptCookies->handle()
#38 /opt/lampp/htdocs/laravel-tailwind-livewire/storify/vendor/laravel/framework/src/Illuminate/Pipeline/Pipeline.php(103): Illuminate\\Pipeline\\Pipeline->Illuminate\\Pipeline\\{closure}()
#39 /opt/lampp/htdocs/laravel-tailwind-livewire/storify/vendor/laravel/framework/src/Illuminate/Routing/Router.php(697): Illuminate\\Pipeline\\Pipeline->then()
#40 /opt/lampp/htdocs/laravel-tailwind-livewire/storify/vendor/laravel/framework/src/Illuminate/Routing/Router.php(672): Illuminate\\Routing\\Router->runRouteWithinStack()
#41 /opt/lampp/htdocs/laravel-tailwind-livewire/storify/vendor/laravel/framework/src/Illuminate/Routing/Router.php(636): Illuminate\\Routing\\Router->runRoute()
#42 /opt/lampp/htdocs/laravel-tailwind-livewire/storify/vendor/laravel/framework/src/Illuminate/Routing/Router.php(625): Illuminate\\Routing\\Router->dispatchToRoute()
#43 /opt/lampp/htdocs/laravel-tailwind-livewire/storify/vendor/laravel/framework/src/Illuminate/Foundation/Http/Kernel.php(166): Illuminate\\Routing\\Router->dispatch()
#44 /opt/lampp/htdocs/laravel-tailwind-livewire/storify/vendor/laravel/framework/src/Illuminate/Pipeline/Pipeline.php(128): Illuminate\\Foundation\\Http\\Kernel->Illuminate\\Foundation\\Http\\{closure}()
#45 /opt/lampp/htdocs/laravel-tailwind-livewire/storify/vendor/laravel/framework/src/Illuminate/Foundation/Http/Middleware/TransformsRequest.php(21): Illuminate\\Pipeline\\Pipeline->Illuminate\\Pipeline\\{closure}()
#46 /opt/lampp/htdocs/laravel-tailwind-livewire/storify/vendor/laravel/framework/src/Illuminate/Foundation/Http/Middleware/ConvertEmptyStringsToNull.php(31): Illuminate\\Foundation\\Http\\Middleware\\TransformsRequest->handle()
#47 /opt/lampp/htdocs/laravel-tailwind-livewire/storify/vendor/laravel/framework/src/Illuminate/Pipeline/Pipeline.php(167): Illuminate\\Foundation\\Http\\Middleware\\ConvertEmptyStringsToNull->handle()
#48 /opt/lampp/htdocs/laravel-tailwind-livewire/storify/vendor/laravel/framework/src/Illuminate/Foundation/Http/Middleware/TransformsRequest.php(21): Illuminate\\Pipeline\\Pipeline->Illuminate\\Pipeline\\{closure}()
#49 /opt/lampp/htdocs/laravel-tailwind-livewire/storify/vendor/laravel/framework/src/Illuminate/Foundation/Http/Middleware/TrimStrings.php(40): Illuminate\\Foundation\\Http\\Middleware\\TransformsRequest->handle()
#50 /opt/lampp/htdocs/laravel-tailwind-livewire/storify/vendor/laravel/framework/src/Illuminate/Pipeline/Pipeline.php(167): Illuminate\\Foundation\\Http\\Middleware\\TrimStrings->handle()
#51 /opt/lampp/htdocs/laravel-tailwind-livewire/storify/vendor/laravel/framework/src/Illuminate/Foundation/Http/Middleware/ValidatePostSize.php(27): Illuminate\\Pipeline\\Pipeline->Illuminate\\Pipeline\\{closure}()
#52 /opt/lampp/htdocs/laravel-tailwind-livewire/storify/vendor/laravel/framework/src/Illuminate/Pipeline/Pipeline.php(167): Illuminate\\Foundation\\Http\\Middleware\\ValidatePostSize->handle()
#53 /opt/lampp/htdocs/laravel-tailwind-livewire/storify/vendor/laravel/framework/src/Illuminate/Foundation/Http/Middleware/PreventRequestsDuringMaintenance.php(86): Illuminate\\Pipeline\\Pipeline->Illuminate\\Pipeline\\{closure}()
#54 /opt/lampp/htdocs/laravel-tailwind-livewire/storify/vendor/laravel/framework/src/Illuminate/Pipeline/Pipeline.php(167): Illuminate\\Foundation\\Http\\Middleware\\PreventRequestsDuringMaintenance->handle()
#55 /opt/lampp/htdocs/laravel-tailwind-livewire/storify/vendor/fruitcake/laravel-cors/src/HandleCors.php(38): Illuminate\\Pipeline\\Pipeline->Illuminate\\Pipeline\\{closure}()
#56 /opt/lampp/htdocs/laravel-tailwind-livewire/storify/vendor/laravel/framework/src/Illuminate/Pipeline/Pipeline.php(167): Fruitcake\\Cors\\HandleCors->handle()
#57 /opt/lampp/htdocs/laravel-tailwind-livewire/storify/vendor/fideloper/proxy/src/TrustProxies.php(57): Illuminate\\Pipeline\\Pipeline->Illuminate\\Pipeline\\{closure}()
#58 /opt/lampp/htdocs/laravel-tailwind-livewire/storify/vendor/laravel/framework/src/Illuminate/Pipeline/Pipeline.php(167): Fideloper\\Proxy\\TrustProxies->handle()
#59 /opt/lampp/htdocs/laravel-tailwind-livewire/storify/vendor/laravel/framework/src/Illuminate/Pipeline/Pipeline.php(103): Illuminate\\Pipeline\\Pipeline->Illuminate\\Pipeline\\{closure}()
#60 /opt/lampp/htdocs/laravel-tailwind-livewire/storify/vendor/laravel/framework/src/Illuminate/Foundation/Http/Kernel.php(141): Illuminate\\Pipeline\\Pipeline->then()
#61 /opt/lampp/htdocs/laravel-tailwind-livewire/storify/vendor/laravel/framework/src/Illuminate/Foundation/Http/Kernel.php(110): Illuminate\\Foundation\\Http\\Kernel->sendRequestThroughRouter()
#62 /opt/lampp/htdocs/laravel-tailwind-livewire/storify/public/index.php(52): Illuminate\\Foundation\\Http\\Kernel->handle()
#63 /opt/lampp/htdocs/laravel-tailwind-livewire/storify/server.php(21): require_once('/opt/lampp/htdo...')
#64 {main}
"} 
[2021-07-11 00:20:44] local.ERROR: file_put_contents(C:\xampp\htdocs\laravel-tailwind-livewire\storify\storage\framework/sessions/lRgtSCZ5PSQqv0mc5BwbOqq7aYPVOgit8zooWBgD): failed to open stream: No such file or directory {"exception":"[object] (ErrorException(code: 0): file_put_contents(C:\\xampp\\htdocs\\laravel-tailwind-livewire\\storify\\storage\\framework/sessions/lRgtSCZ5PSQqv0mc5BwbOqq7aYPVOgit8zooWBgD): failed to open stream: No such file or directory at /opt/lampp/htdocs/laravel-tailwind-livewire/storify/vendor/laravel/framework/src/Illuminate/Filesystem/Filesystem.php:187)
[stacktrace]
#0 [internal function]: Illuminate\\Foundation\\Bootstrap\\HandleExceptions->handleError()
#1 /opt/lampp/htdocs/laravel-tailwind-livewire/storify/vendor/laravel/framework/src/Illuminate/Filesystem/Filesystem.php(187): file_put_contents()
#2 /opt/lampp/htdocs/laravel-tailwind-livewire/storify/vendor/laravel/framework/src/Illuminate/Session/FileSessionHandler.php(83): Illuminate\\Filesystem\\Filesystem->put()
#3 /opt/lampp/htdocs/laravel-tailwind-livewire/storify/vendor/laravel/framework/src/Illuminate/Session/Store.php(129): Illuminate\\Session\\FileSessionHandler->write()
#4 /opt/lampp/htdocs/laravel-tailwind-livewire/storify/vendor/laravel/framework/src/Illuminate/Session/Middleware/StartSession.php(236): Illuminate\\Session\\Store->save()
#5 /opt/lampp/htdocs/laravel-tailwind-livewire/storify/vendor/laravel/framework/src/Illuminate/Session/Middleware/StartSession.php(130): Illuminate\\Session\\Middleware\\StartSession->saveSession()
#6 /opt/lampp/htdocs/laravel-tailwind-livewire/storify/vendor/laravel/framework/src/Illuminate/Session/Middleware/StartSession.php(64): Illuminate\\Session\\Middleware\\StartSession->handleStatefulRequest()
#7 /opt/lampp/htdocs/laravel-tailwind-livewire/storify/vendor/laravel/framework/src/Illuminate/Pipeline/Pipeline.php(167): Illuminate\\Session\\Middleware\\StartSession->handle()
#8 /opt/lampp/htdocs/laravel-tailwind-livewire/storify/vendor/laravel/framework/src/Illuminate/Cookie/Middleware/AddQueuedCookiesToResponse.php(37): Illuminate\\Pipeline\\Pipeline->Illuminate\\Pipeline\\{closure}()
#9 /opt/lampp/htdocs/laravel-tailwind-livewire/storify/vendor/laravel/framework/src/Illuminate/Pipeline/Pipeline.php(167): Illuminate\\Cookie\\Middleware\\AddQueuedCookiesToResponse->handle()
#10 /opt/lampp/htdocs/laravel-tailwind-livewire/storify/vendor/laravel/framework/src/Illuminate/Cookie/Middleware/EncryptCookies.php(67): Illuminate\\Pipeline\\Pipeline->Illuminate\\Pipeline\\{closure}()
#11 /opt/lampp/htdocs/laravel-tailwind-livewire/storify/vendor/laravel/framework/src/Illuminate/Pipeline/Pipeline.php(167): Illuminate\\Cookie\\Middleware\\EncryptCookies->handle()
#12 /opt/lampp/htdocs/laravel-tailwind-livewire/storify/vendor/laravel/framework/src/Illuminate/Pipeline/Pipeline.php(103): Illuminate\\Pipeline\\Pipeline->Illuminate\\Pipeline\\{closure}()
#13 /opt/lampp/htdocs/laravel-tailwind-livewire/storify/vendor/laravel/framework/src/Illuminate/Routing/Router.php(697): Illuminate\\Pipeline\\Pipeline->then()
#14 /opt/lampp/htdocs/laravel-tailwind-livewire/storify/vendor/laravel/framework/src/Illuminate/Routing/Router.php(672): Illuminate\\Routing\\Router->runRouteWithinStack()
#15 /opt/lampp/htdocs/laravel-tailwind-livewire/storify/vendor/laravel/framework/src/Illuminate/Routing/Router.php(636): Illuminate\\Routing\\Router->runRoute()
#16 /opt/lampp/htdocs/laravel-tailwind-livewire/storify/vendor/laravel/framework/src/Illuminate/Routing/Router.php(625): Illuminate\\Routing\\Router->dispatchToRoute()
#17 /opt/lampp/htdocs/laravel-tailwind-livewire/storify/vendor/laravel/framework/src/Illuminate/Foundation/Http/Kernel.php(166): Illuminate\\Routing\\Router->dispatch()
#18 /opt/lampp/htdocs/laravel-tailwind-livewire/storify/vendor/laravel/framework/src/Illuminate/Pipeline/Pipeline.php(128): Illuminate\\Foundation\\Http\\Kernel->Illuminate\\Foundation\\Http\\{closure}()
#19 /opt/lampp/htdocs/laravel-tailwind-livewire/storify/vendor/laravel/framework/src/Illuminate/Foundation/Http/Middleware/TransformsRequest.php(21): Illuminate\\Pipeline\\Pipeline->Illuminate\\Pipeline\\{closure}()
#20 /opt/lampp/htdocs/laravel-tailwind-livewire/storify/vendor/laravel/framework/src/Illuminate/Foundation/Http/Middleware/ConvertEmptyStringsToNull.php(31): Illuminate\\Foundation\\Http\\Middleware\\TransformsRequest->handle()
#21 /opt/lampp/htdocs/laravel-tailwind-livewire/storify/vendor/laravel/framework/src/Illuminate/Pipeline/Pipeline.php(167): Illuminate\\Foundation\\Http\\Middleware\\ConvertEmptyStringsToNull->handle()
#22 /opt/lampp/htdocs/laravel-tailwind-livewire/storify/vendor/laravel/framework/src/Illuminate/Foundation/Http/Middleware/TransformsRequest.php(21): Illuminate\\Pipeline\\Pipeline->Illuminate\\Pipeline\\{closure}()
#23 /opt/lampp/htdocs/laravel-tailwind-livewire/storify/vendor/laravel/framework/src/Illuminate/Foundation/Http/Middleware/TrimStrings.php(40): Illuminate\\Foundation\\Http\\Middleware\\TransformsRequest->handle()
#24 /opt/lampp/htdocs/laravel-tailwind-livewire/storify/vendor/laravel/framework/src/Illuminate/Pipeline/Pipeline.php(167): Illuminate\\Foundation\\Http\\Middleware\\TrimStrings->handle()
#25 /opt/lampp/htdocs/laravel-tailwind-livewire/storify/vendor/laravel/framework/src/Illuminate/Foundation/Http/Middleware/ValidatePostSize.php(27): Illuminate\\Pipeline\\Pipeline->Illuminate\\Pipeline\\{closure}()
#26 /opt/lampp/htdocs/laravel-tailwind-livewire/storify/vendor/laravel/framework/src/Illuminate/Pipeline/Pipeline.php(167): Illuminate\\Foundation\\Http\\Middleware\\ValidatePostSize->handle()
#27 /opt/lampp/htdocs/laravel-tailwind-livewire/storify/vendor/laravel/framework/src/Illuminate/Foundation/Http/Middleware/PreventRequestsDuringMaintenance.php(86): Illuminate\\Pipeline\\Pipeline->Illuminate\\Pipeline\\{closure}()
#28 /opt/lampp/htdocs/laravel-tailwind-livewire/storify/vendor/laravel/framework/src/Illuminate/Pipeline/Pipeline.php(167): Illuminate\\Foundation\\Http\\Middleware\\PreventRequestsDuringMaintenance->handle()
#29 /opt/lampp/htdocs/laravel-tailwind-livewire/storify/vendor/fruitcake/laravel-cors/src/HandleCors.php(38): Illuminate\\Pipeline\\Pipeline->Illuminate\\Pipeline\\{closure}()
#30 /opt/lampp/htdocs/laravel-tailwind-livewire/storify/vendor/laravel/framework/src/Illuminate/Pipeline/Pipeline.php(167): Fruitcake\\Cors\\HandleCors->handle()
#31 /opt/lampp/htdocs/laravel-tailwind-livewire/storify/vendor/fideloper/proxy/src/TrustProxies.php(57): Illuminate\\Pipeline\\Pipeline->Illuminate\\Pipeline\\{closure}()
#32 /opt/lampp/htdocs/laravel-tailwind-livewire/storify/vendor/laravel/framework/src/Illuminate/Pipeline/Pipeline.php(167): Fideloper\\Proxy\\TrustProxies->handle()
#33 /opt/lampp/htdocs/laravel-tailwind-livewire/storify/vendor/laravel/framework/src/Illuminate/Pipeline/Pipeline.php(103): Illuminate\\Pipeline\\Pipeline->Illuminate\\Pipeline\\{closure}()
#34 /opt/lampp/htdocs/laravel-tailwind-livewire/storify/vendor/laravel/framework/src/Illuminate/Foundation/Http/Kernel.php(141): Illuminate\\Pipeline\\Pipeline->then()
#35 /opt/lampp/htdocs/laravel-tailwind-livewire/storify/vendor/laravel/framework/src/Illuminate/Foundation/Http/Kernel.php(110): Illuminate\\Foundation\\Http\\Kernel->sendRequestThroughRouter()
#36 /opt/lampp/htdocs/laravel-tailwind-livewire/storify/public/index.php(52): Illuminate\\Foundation\\Http\\Kernel->handle()
#37 /opt/lampp/htdocs/laravel-tailwind-livewire/storify/server.php(21): require_once('/opt/lampp/htdo...')
#38 {main}
"} 
